生成启动时间为 2019/10/19 23:58:55。
     1>项目“F:\CCCCCgeting\C.Game\game 2\game 2\game 2.vcxproj”在节点 2 上(Build 个目标)。
     1>ClCompile:
         C:\Program Files (x86)\Microsoft Visual Studio 12.0\VC\bin\CL.exe /c /ZI /nologo /W3 /WX- /sdl /Od /Oy- /D _MBCS /Gm /EHsc /RTC1 /MDd /GS /fp:precise /Zc:wchar_t /Zc:forScope /Fo"Debug\\" /Fd"Debug\vc120.pdb" /Gd /TC /analyze- /errorReport:prompt game.c test.c
         test.c
     1>f:\cccccgeting\c.game\game 2\game 2\test.c(17): error C2198: “FindMine”: 用于调用的参数太少
     1>f:\cccccgeting\c.game\game 2\game 2\test.c(28): warning C4013: “Dispaly”未定义；假设外部返回 int
         game.c
     1>f:\cccccgeting\c.game\game 2\game 2\game.c(74): warning C4029: 声明的形参表不同于定义
     1>f:\cccccgeting\c.game\game 2\game 2\game.c(118): error C2143: 语法错误 : 缺少“;”(在“{”的前面)
     1>f:\cccccgeting\c.game\game 2\game 2\game.c(127): warning C4047: “函数”:“char (*)[11]”与“int”的间接级别不同
     1>f:\cccccgeting\c.game\game 2\game 2\game.c(127): warning C4024: “ReturnBoard”: 形参和实参 2 的类型不同
     1>f:\cccccgeting\c.game\game 2\game 2\game.c(127): error C2198: “ReturnBoard”: 用于调用的参数太少
     1>f:\cccccgeting\c.game\game 2\game 2\game.c(145): error C2143: 语法错误 : 缺少“;”(在“{”的前面)
     1>f:\cccccgeting\c.game\game 2\game 2\game.c(147): warning C4013: “count_mine”未定义；假设外部返回 int
     1>f:\cccccgeting\c.game\game 2\game 2\game.c(188): fatal error C1075: 与左侧的 大括号“{”(位于“f:\cccccgeting\c.game\game 2\game 2\game.c(74)”)匹配之前遇到文件结束
         正在生成代码...
     1>已完成生成项目“F:\CCCCCgeting\C.Game\game 2\game 2\game 2.vcxproj”(Build 个目标)的操作 - 失败。

生成失败。

已用时间 00:00:00.22
